mode: set
payter-bank/docs/docs.go:1729.13,1731.2 1 0
payter-bank/features/account/api.go:14.43,18.2 1 1
payter-bank/features/account/api.go:32.68,34.52 2 0
payter-bank/features/account/api.go:34.52,36.3 1 0
payter-bank/features/account/api.go:38.2,40.16 3 0
payter-bank/features/account/api.go:40.16,42.3 1 0
payter-bank/features/account/api.go:44.2,44.50 1 0
payter-bank/features/account/api.go:59.73,61.52 2 0
payter-bank/features/account/api.go:61.52,63.3 1 0
payter-bank/features/account/api.go:65.2,66.16 2 0
payter-bank/features/account/api.go:66.16,68.3 1 0
payter-bank/features/account/api.go:70.2,70.33 1 0
payter-bank/features/account/api.go:70.33,72.3 1 0
payter-bank/features/account/api.go:74.2,75.16 2 0
payter-bank/features/account/api.go:75.16,77.3 1 0
payter-bank/features/account/api.go:79.2,79.50 1 0
payter-bank/features/account/api.go:94.71,96.52 2 1
payter-bank/features/account/api.go:96.52,98.3 1 1
payter-bank/features/account/api.go:100.2,101.16 2 1
payter-bank/features/account/api.go:101.16,103.3 1 1
payter-bank/features/account/api.go:105.2,105.56 1 1
payter-bank/features/account/api.go:120.77,122.52 2 1
payter-bank/features/account/api.go:122.52,124.3 1 1
payter-bank/features/account/api.go:126.2,127.16 2 1
payter-bank/features/account/api.go:127.16,129.3 1 1
payter-bank/features/account/api.go:131.2,131.60 1 1
payter-bank/features/account/api.go:145.60,147.16 2 1
payter-bank/features/account/api.go:147.16,149.3 1 1
payter-bank/features/account/api.go:151.2,152.16 2 1
payter-bank/features/account/api.go:152.16,154.3 1 0
payter-bank/features/account/api.go:156.2,156.67 1 1
payter-bank/features/account/api.go:170.72,172.16 2 1
payter-bank/features/account/api.go:172.16,174.3 1 0
payter-bank/features/account/api.go:176.2,177.16 2 1
payter-bank/features/account/api.go:177.16,179.3 1 0
payter-bank/features/account/api.go:181.2,185.16 2 1
payter-bank/features/account/api.go:185.16,187.3 1 1
payter-bank/features/account/api.go:189.2,189.54 1 1
payter-bank/features/account/api.go:203.73,205.16 2 1
payter-bank/features/account/api.go:205.16,207.3 1 0
payter-bank/features/account/api.go:209.2,210.16 2 1
payter-bank/features/account/api.go:210.16,212.3 1 0
payter-bank/features/account/api.go:214.2,218.16 2 1
payter-bank/features/account/api.go:218.16,220.3 1 1
payter-bank/features/account/api.go:222.2,222.54 1 1
payter-bank/features/account/api.go:236.70,238.16 2 1
payter-bank/features/account/api.go:238.16,240.3 1 0
payter-bank/features/account/api.go:242.2,243.16 2 1
payter-bank/features/account/api.go:243.16,245.3 1 0
payter-bank/features/account/api.go:247.2,251.16 2 1
payter-bank/features/account/api.go:251.16,253.3 1 1
payter-bank/features/account/api.go:255.2,255.51 1 1
payter-bank/features/account/api.go:269.81,271.16 2 1
payter-bank/features/account/api.go:271.16,273.3 1 0
payter-bank/features/account/api.go:275.2,276.16 2 1
payter-bank/features/account/api.go:276.16,278.3 1 0
payter-bank/features/account/api.go:280.2,280.73 1 1
payter-bank/features/account/api.go:294.79,296.16 2 0
payter-bank/features/account/api.go:296.16,298.3 1 0
payter-bank/features/account/api.go:300.2,300.56 1 0
payter-bank/features/account/api.go:314.74,316.16 2 0
payter-bank/features/account/api.go:316.16,318.3 1 0
payter-bank/features/account/api.go:320.2,320.62 1 0
payter-bank/features/account/api.go:334.75,336.16 2 0
payter-bank/features/account/api.go:336.16,338.3 1 0
payter-bank/features/account/api.go:340.2,341.16 2 0
payter-bank/features/account/api.go:341.16,343.3 1 0
payter-bank/features/account/api.go:345.2,345.63 1 0
payter-bank/features/account/service.go:45.51,52.2 1 1
payter-bank/features/account/service.go:54.80,59.16 3 1
payter-bank/features/account/service.go:59.16,60.37 1 0
payter-bank/features/account/service.go:60.37,63.4 2 0
payter-bank/features/account/service.go:66.2,66.22 1 1
payter-bank/features/account/service.go:66.22,69.3 2 1
payter-bank/features/account/service.go:71.2,78.16 2 1
payter-bank/features/account/service.go:78.16,81.3 2 0
payter-bank/features/account/service.go:83.2,90.16 2 1
payter-bank/features/account/service.go:90.16,93.3 2 0
payter-bank/features/account/service.go:95.2,95.12 1 1
payter-bank/features/account/service.go:98.102,100.16 2 0
payter-bank/features/account/service.go:100.16,101.37 1 0
payter-bank/features/account/service.go:101.37,104.4 2 0
payter-bank/features/account/service.go:107.2,107.22 1 0
payter-bank/features/account/service.go:107.22,109.3 1 0
payter-bank/features/account/service.go:111.2,118.16 2 0
payter-bank/features/account/service.go:118.16,121.3 2 0
payter-bank/features/account/service.go:122.2,124.8 1 0
payter-bank/features/account/service.go:127.97,133.16 3 0
payter-bank/features/account/service.go:133.16,134.36 1 0
payter-bank/features/account/service.go:134.36,136.4 1 0
payter-bank/features/account/service.go:137.3,138.47 2 0
payter-bank/features/account/service.go:141.2,145.16 2 0
payter-bank/features/account/service.go:145.16,146.37 1 0
payter-bank/features/account/service.go:146.37,149.4 2 0
payter-bank/features/account/service.go:152.2,152.36 1 0
payter-bank/features/account/service.go:152.36,154.3 1 0
payter-bank/features/account/service.go:156.2,165.16 3 0
payter-bank/features/account/service.go:165.16,168.3 2 0
payter-bank/features/account/service.go:170.2,171.16 2 0
payter-bank/features/account/service.go:171.16,173.3 1 0
payter-bank/features/account/service.go:175.2,175.30 1 0
payter-bank/features/account/service.go:175.30,184.17 3 0
payter-bank/features/account/service.go:184.17,187.4 2 0
payter-bank/features/account/service.go:190.2,191.16 2 0
payter-bank/features/account/service.go:191.16,194.3 2 0
payter-bank/features/account/service.go:195.2,195.39 1 0
payter-bank/features/account/service.go:198.113,204.16 3 1
payter-bank/features/account/service.go:204.16,205.36 1 1
payter-bank/features/account/service.go:205.36,207.4 1 1
payter-bank/features/account/service.go:208.3,209.51 2 0
payter-bank/features/account/service.go:212.2,212.77 1 1
payter-bank/features/account/service.go:212.77,214.3 1 1
payter-bank/features/account/service.go:216.2,217.16 2 1
payter-bank/features/account/service.go:217.16,220.3 2 0
payter-bank/features/account/service.go:222.2,227.16 3 1
payter-bank/features/account/service.go:227.16,230.3 2 1
payter-bank/features/account/service.go:231.2,233.8 1 1
payter-bank/features/account/service.go:236.85,242.16 3 1
payter-bank/features/account/service.go:242.16,243.36 1 1
payter-bank/features/account/service.go:243.36,245.4 1 1
payter-bank/features/account/service.go:246.3,247.47 2 1
payter-bank/features/account/service.go:250.2,250.45 1 1
payter-bank/features/account/service.go:253.83,258.16 3 1
payter-bank/features/account/service.go:258.16,259.36 1 1
payter-bank/features/account/service.go:259.36,261.4 1 1
payter-bank/features/account/service.go:262.3,263.36 2 0
payter-bank/features/account/service.go:266.2,266.46 1 1
payter-bank/features/account/service.go:266.46,268.3 1 1
payter-bank/features/account/service.go:269.2,273.16 2 1
payter-bank/features/account/service.go:273.16,276.3 2 1
payter-bank/features/account/service.go:278.2,284.16 3 1
payter-bank/features/account/service.go:284.16,286.3 1 0
payter-bank/features/account/service.go:287.2,287.12 1 1
payter-bank/features/account/service.go:290.84,296.16 3 1
payter-bank/features/account/service.go:296.16,297.36 1 1
payter-bank/features/account/service.go:297.36,299.4 1 1
payter-bank/features/account/service.go:300.3,301.36 2 0
payter-bank/features/account/service.go:304.2,304.43 1 1
payter-bank/features/account/service.go:304.43,306.3 1 1
payter-bank/features/account/service.go:308.2,312.16 2 1
payter-bank/features/account/service.go:312.16,315.3 2 0
payter-bank/features/account/service.go:317.2,323.16 3 1
payter-bank/features/account/service.go:323.16,325.3 1 0
payter-bank/features/account/service.go:326.2,326.12 1 1
payter-bank/features/account/service.go:329.81,335.16 3 1
payter-bank/features/account/service.go:335.16,336.36 1 1
payter-bank/features/account/service.go:336.36,338.4 1 1
payter-bank/features/account/service.go:339.3,340.36 2 0
payter-bank/features/account/service.go:343.2,343.43 1 1
payter-bank/features/account/service.go:343.43,345.3 1 1
payter-bank/features/account/service.go:347.2,351.16 2 1
payter-bank/features/account/service.go:351.16,354.3 2 0
payter-bank/features/account/service.go:356.2,362.16 3 1
payter-bank/features/account/service.go:362.16,364.3 1 0
payter-bank/features/account/service.go:366.2,366.12 1 1
payter-bank/features/account/service.go:369.109,374.16 2 1
payter-bank/features/account/service.go:374.16,375.36 1 1
payter-bank/features/account/service.go:375.36,377.4 1 1
payter-bank/features/account/service.go:378.3,379.41 2 0
payter-bank/features/account/service.go:382.2,383.27 2 1
payter-bank/features/account/service.go:383.27,385.3 1 1
payter-bank/features/account/service.go:386.2,386.19 1 1
payter-bank/features/account/service.go:389.73,391.16 2 0
payter-bank/features/account/service.go:391.16,394.3 2 0
payter-bank/features/account/service.go:396.2,397.27 2 0
payter-bank/features/account/service.go:397.27,399.3 1 0
payter-bank/features/account/service.go:401.2,401.22 1 0
payter-bank/features/account/service.go:404.91,406.2 1 0
payter-bank/features/account/service.go:408.88,410.16 2 0
payter-bank/features/account/service.go:410.16,411.36 1 0
payter-bank/features/account/service.go:411.36,413.4 1 0
payter-bank/features/account/service.go:414.3,415.47 2 0
payter-bank/features/account/service.go:417.2,417.40 1 0
payter-bank/features/account/service_mock.go:34.59,38.2 3 1
payter-bank/features/account/service_mock.go:41.57,43.2 1 1
payter-bank/features/account/service_mock.go:46.89,51.2 4 1
payter-bank/features/account/service_mock.go:54.81,57.2 2 1
payter-bank/features/account/service_mock.go:60.118,66.2 5 1
payter-bank/features/account/service_mock.go:69.85,72.2 2 1
payter-bank/features/account/service_mock.go:75.86,80.2 4 1
payter-bank/features/account/service_mock.go:83.78,86.2 2 1
payter-bank/features/account/service_mock.go:89.102,95.2 5 1
payter-bank/features/account/service_mock.go:98.79,101.2 2 1
payter-bank/features/account/service_mock.go:104.107,110.2 5 0
payter-bank/features/account/service_mock.go:113.76,116.2 2 0
payter-bank/features/account/service_mock.go:119.93,125.2 5 0
payter-bank/features/account/service_mock.go:128.80,131.2 2 0
payter-bank/features/account/service_mock.go:134.114,140.2 5 1
payter-bank/features/account/service_mock.go:143.93,146.2 2 1
payter-bank/features/account/service_mock.go:149.96,155.2 5 0
payter-bank/features/account/service_mock.go:158.75,161.2 2 0
payter-bank/features/account/service_mock.go:164.78,170.2 5 0
payter-bank/features/account/service_mock.go:173.73,176.2 2 0
payter-bank/features/account/service_mock.go:179.90,185.2 5 1
payter-bank/features/account/service_mock.go:188.77,191.2 2 1
payter-bank/features/account/service_mock.go:194.90,199.2 4 0
payter-bank/features/account/service_mock.go:202.91,205.2 2 0
payter-bank/features/account/service_mock.go:208.88,213.2 4 1
payter-bank/features/account/service_mock.go:216.80,219.2 2 1
payter-bank/features/account/types.go:20.69,31.2 1 1
payter-bank/features/account/types.go:76.80,86.2 1 1
payter-bank/features/account/types.go:106.68,122.2 1 0
payter-bank/features/account/types.go:124.73,140.2 1 0
payter-bank/internal/api/api.go:16.45,17.37 1 0
payter-bank/internal/api/api.go:17.37,19.3 1 0
payter-bank/internal/api/api.go:21.2,21.20 1 0
payter-bank/internal/api/api.go:21.20,23.17 2 0
payter-bank/internal/api/api.go:23.17,25.4 1 0
payter-bank/internal/api/api.go:26.3,26.19 1 0
payter-bank/internal/api/api.go:29.2,30.16 2 0
payter-bank/internal/api/api.go:30.16,32.3 1 0
payter-bank/internal/api/api.go:33.2,33.18 1 0
payter-bank/internal/api/api.go:39.48,40.32 1 0
payter-bank/internal/api/api.go:40.32,44.17 3 0
payter-bank/internal/api/api.go:44.17,49.4 2 0
payter-bank/internal/api/api.go:51.3,51.48 1 0
payter-bank/internal/api/api.go:69.35,71.2 1 1
payter-bank/internal/api/api.go:73.41,77.2 1 1
payter-bank/internal/api/api.go:79.59,84.2 1 1
payter-bank/internal/api/api.go:86.42,91.2 1 1
payter-bank/internal/api/api.go:93.32,95.24 2 1
payter-bank/internal/api/api.go:95.24,100.3 1 1
payter-bank/internal/api/api.go:102.2,107.3 1 1
payter-bank/internal/api/api.go:110.50,115.2 1 0
payter-bank/internal/api/api.go:117.44,122.2 1 1
payter-bank/internal/api/api.go:124.41,129.2 1 0
payter-bank/internal/api/api.go:131.40,136.2 1 0
payter-bank/internal/api/api.go:138.43,143.2 1 0
payter-bank/internal/api/api.go:145.52,153.2 1 1
payter-bank/internal/errors/errors.go:12.59,14.2 1 1
payter-bank/internal/pkg/generator/mocks/mocks.go:32.73,36.2 3 1
payter-bank/internal/pkg/generator/mocks/mocks.go:39.71,41.2 1 1
payter-bank/internal/pkg/generator/mocks/mocks.go:44.81,50.2 5 1
payter-bank/internal/pkg/generator/mocks/mocks.go:53.75,56.2 2 1
payter-bank/internal/pkg/generator/mocks/mocks.go:59.82,65.2 5 0
payter-bank/internal/pkg/generator/mocks/mocks.go:68.76,71.2 2 0
payter-bank/internal/pkg/generator/mocks/number_generator_mocks.go:31.75,35.2 3 1
payter-bank/internal/pkg/generator/mocks/number_generator_mocks.go:38.73,40.2 1 1
payter-bank/internal/pkg/generator/mocks/number_generator_mocks.go:43.49,48.2 4 1
payter-bank/internal/pkg/generator/mocks/number_generator_mocks.go:51.68,54.2 2 1
payter-bank/internal/pkg/password/password.go:14.46,16.16 2 0
payter-bank/internal/pkg/password/password.go:16.16,17.13 1 0
payter-bank/internal/pkg/password/password.go:19.2,19.23 1 0
payter-bank/internal/pkg/password/password.go:22.56,24.2 1 0
payter-bank/internal/pkg/password/password.go:26.33,28.2 1 1
payter-bank/internal/pkg/password/mocks/password_hasher_mocks.go:31.57,35.2 3 1
payter-bank/internal/pkg/password/mocks/password_hasher_mocks.go:38.55,40.2 1 1
payter-bank/internal/pkg/password/mocks/password_hasher_mocks.go:43.51,48.2 4 1
payter-bank/internal/pkg/password/mocks/password_hasher_mocks.go:51.67,54.2 2 1
payter-bank/internal/pkg/password/mocks/password_hasher_mocks.go:57.61,62.2 4 1
payter-bank/internal/pkg/password/mocks/password_hasher_mocks.go:65.79,68.2 2 1
payter-bank/internal/errors/errors.go:12.59,14.2 1 0
payter-bank/internal/api/api.go:16.45,17.37 1 0
payter-bank/internal/api/api.go:17.37,19.3 1 0
payter-bank/internal/api/api.go:21.2,21.20 1 0
payter-bank/internal/api/api.go:21.20,23.17 2 0
payter-bank/internal/api/api.go:23.17,25.4 1 0
payter-bank/internal/api/api.go:26.3,26.19 1 0
payter-bank/internal/api/api.go:29.2,30.16 2 0
payter-bank/internal/api/api.go:30.16,32.3 1 0
payter-bank/internal/api/api.go:33.2,33.18 1 0
payter-bank/internal/api/api.go:39.48,40.32 1 0
payter-bank/internal/api/api.go:40.32,44.17 3 0
payter-bank/internal/api/api.go:44.17,49.4 2 0
payter-bank/internal/api/api.go:51.3,51.48 1 0
payter-bank/internal/api/api.go:69.35,71.2 1 0
payter-bank/internal/api/api.go:73.41,77.2 1 0
payter-bank/internal/api/api.go:79.59,84.2 1 0
payter-bank/internal/api/api.go:86.42,91.2 1 0
payter-bank/internal/api/api.go:93.32,95.24 2 0
payter-bank/internal/api/api.go:95.24,100.3 1 0
payter-bank/internal/api/api.go:102.2,107.3 1 0
payter-bank/internal/api/api.go:110.50,115.2 1 0
payter-bank/internal/api/api.go:117.44,122.2 1 0
payter-bank/internal/api/api.go:124.41,129.2 1 0
payter-bank/internal/api/api.go:131.40,136.2 1 0
payter-bank/internal/api/api.go:138.43,143.2 1 0
payter-bank/internal/api/api.go:145.52,153.2 1 0
payter-bank/internal/pkg/generator/mocks/mocks.go:32.73,36.2 3 0
payter-bank/internal/pkg/generator/mocks/mocks.go:39.71,41.2 1 0
payter-bank/internal/pkg/generator/mocks/mocks.go:44.81,50.2 5 0
payter-bank/internal/pkg/generator/mocks/mocks.go:53.75,56.2 2 0
payter-bank/internal/pkg/generator/mocks/mocks.go:59.82,65.2 5 0
payter-bank/internal/pkg/generator/mocks/mocks.go:68.76,71.2 2 0
payter-bank/internal/pkg/generator/mocks/number_generator_mocks.go:31.75,35.2 3 0
payter-bank/internal/pkg/generator/mocks/number_generator_mocks.go:38.73,40.2 1 0
payter-bank/internal/pkg/generator/mocks/number_generator_mocks.go:43.49,48.2 4 0
payter-bank/internal/pkg/generator/mocks/number_generator_mocks.go:51.68,54.2 2 0
payter-bank/internal/pkg/password/password.go:14.46,16.16 2 0
payter-bank/internal/pkg/password/password.go:16.16,17.13 1 0
payter-bank/internal/pkg/password/password.go:19.2,19.23 1 0
payter-bank/internal/pkg/password/password.go:22.56,24.2 1 0
payter-bank/internal/pkg/password/password.go:26.33,28.2 1 0
payter-bank/internal/pkg/password/mocks/password_hasher_mocks.go:31.57,35.2 3 0
payter-bank/internal/pkg/password/mocks/password_hasher_mocks.go:38.55,40.2 1 0
payter-bank/internal/pkg/password/mocks/password_hasher_mocks.go:43.51,48.2 4 0
payter-bank/internal/pkg/password/mocks/password_hasher_mocks.go:51.67,54.2 2 0
payter-bank/internal/pkg/password/mocks/password_hasher_mocks.go:57.61,62.2 4 0
payter-bank/internal/pkg/password/mocks/password_hasher_mocks.go:65.79,68.2 2 0
payter-bank/server/mw.go:11.66,12.32 1 0
payter-bank/server/mw.go:12.32,14.17 2 0
payter-bank/server/mw.go:14.17,20.4 3 0
payter-bank/server/mw.go:22.3,23.17 2 0
payter-bank/server/mw.go:23.17,29.4 3 0
payter-bank/server/mw.go:31.3,44.13 4 0
payter-bank/server/mw.go:48.46,49.32 1 0
payter-bank/server/mw.go:49.32,51.17 2 0
payter-bank/server/mw.go:51.17,57.4 3 0
payter-bank/server/mw.go:59.3,59.55 1 0
payter-bank/server/mw.go:59.55,65.4 3 0
payter-bank/server/mw.go:67.3,67.13 1 0
payter-bank/server/server.go:33.153,35.2 1 0
payter-bank/server/server.go:37.53,39.16 2 0
payter-bank/server/server.go:39.16,41.3 1 0
payter-bank/server/server.go:43.2,47.32 5 0
payter-bank/server/server.go:47.32,49.3 1 0
payter-bank/server/server.go:51.2,107.15 28 0
payter-bank/server/server.go:110.59,111.60 1 0
payter-bank/server/server.go:111.60,113.3 1 0
payter-bank/server/server.go:115.2,115.48 1 0
payter-bank/server/server.go:115.48,117.3 1 0
payter-bank/server/server.go:119.2,126.16 2 0
payter-bank/server/server.go:126.16,128.3 1 0
payter-bank/server/server.go:130.2,131.32 2 0
payter-bank/server/server.go:131.32,133.79 2 0
payter-bank/server/server.go:133.79,137.4 3 0
payter-bank/server/server.go:139.3,141.23 2 0
payter-bank/server/server.go:141.23,143.4 1 0
payter-bank/server/server.go:147.43,154.2 6 0
payter-bank/features/auditlog/api.go:13.41,17.2 1 0
payter-bank/features/auditlog/api.go:30.77,32.16 2 0
payter-bank/features/auditlog/api.go:32.16,34.3 1 0
payter-bank/features/auditlog/api.go:36.2,37.16 2 0
payter-bank/features/auditlog/api.go:37.16,39.3 1 0
payter-bank/features/auditlog/api.go:41.2,41.66 1 0
payter-bank/features/auditlog/client.go:17.47,19.2 1 0
payter-bank/features/auditlog/client_mock.go:32.57,36.2 3 1
payter-bank/features/auditlog/client_mock.go:39.55,41.2 1 1
payter-bank/features/auditlog/client_mock.go:44.94,47.24 3 1
payter-bank/features/auditlog/client_mock.go:47.24,49.3 1 0
payter-bank/features/auditlog/client_mock.go:50.2,53.19 4 1
payter-bank/features/auditlog/client_mock.go:57.78,61.2 3 1
payter-bank/features/auditlog/service.go:30.56,34.2 1 1
payter-bank/features/auditlog/service.go:42.78,48.2 1 1
payter-bank/features/auditlog/service.go:50.47,54.2 1 0
payter-bank/features/auditlog/service.go:56.52,65.39 5 0
payter-bank/features/auditlog/service.go:65.39,68.3 2 0
payter-bank/features/auditlog/service.go:70.2,70.6 1 0
payter-bank/features/auditlog/service.go:70.6,71.10 1 0
payter-bank/features/auditlog/service.go:72.21,75.14 3 0
payter-bank/features/auditlog/service.go:76.11,76.11 0 0
payter-bank/features/auditlog/service.go:81.66,87.16 3 1
payter-bank/features/auditlog/service.go:87.16,89.3 1 0
payter-bank/features/auditlog/service.go:91.2,92.16 2 1
payter-bank/features/auditlog/service.go:92.16,95.3 2 1
payter-bank/features/auditlog/service.go:97.2,98.12 2 1
payter-bank/features/auditlog/service.go:101.76,107.63 3 1
payter-bank/features/auditlog/service.go:107.63,110.3 2 0
payter-bank/features/auditlog/service.go:112.2,116.27 2 1
payter-bank/features/auditlog/service.go:116.27,118.17 2 1
payter-bank/features/auditlog/service.go:118.17,121.4 2 0
payter-bank/features/auditlog/service.go:124.2,136.16 2 1
payter-bank/features/auditlog/service.go:136.16,139.3 2 0
payter-bank/features/auditlog/service.go:141.2,142.12 2 1
payter-bank/features/auditlog/service.go:145.94,150.16 2 0
payter-bank/features/auditlog/service.go:150.16,152.3 1 0
payter-bank/features/auditlog/service.go:154.2,155.27 2 0
payter-bank/features/auditlog/service.go:155.27,157.3 1 0
payter-bank/features/auditlog/service.go:158.2,158.18 1 0
payter-bank/features/auditlog/service_mock.go:34.55,38.2 3 0
payter-bank/features/auditlog/service_mock.go:41.53,43.2 1 0
payter-bank/features/auditlog/service_mock.go:46.96,52.2 5 0
payter-bank/features/auditlog/service_mock.go:55.80,58.2 2 0
payter-bank/features/auditlog/service_mock.go:73.59,77.2 3 0
payter-bank/features/auditlog/service_mock.go:80.57,82.2 1 0
payter-bank/features/auditlog/service_mock.go:85.56,90.2 4 0
payter-bank/features/auditlog/service_mock.go:93.64,96.2 2 0
payter-bank/features/auditlog/service_mock.go:99.70,104.2 4 0
payter-bank/features/auditlog/service_mock.go:107.72,110.2 2 0
payter-bank/features/auditlog/service_mock.go:125.79,129.2 3 0
payter-bank/features/auditlog/service_mock.go:132.77,134.2 1 0
payter-bank/features/auditlog/service_mock.go:137.90,142.2 4 0
payter-bank/features/auditlog/service_mock.go:145.86,148.2 2 0
payter-bank/features/auditlog/types.go:16.79,23.2 1 0
payter-bank/features/auditlog/types.go:38.33,40.2 1 1
payter-bank/features/auditlog/types.go:71.69,86.2 1 0
payter-bank/internal/api/api.go:16.45,17.37 1 0
payter-bank/internal/api/api.go:17.37,19.3 1 0
payter-bank/internal/api/api.go:21.2,21.20 1 0
payter-bank/internal/api/api.go:21.20,23.17 2 0
payter-bank/internal/api/api.go:23.17,25.4 1 0
payter-bank/internal/api/api.go:26.3,26.19 1 0
payter-bank/internal/api/api.go:29.2,30.16 2 0
payter-bank/internal/api/api.go:30.16,32.3 1 0
payter-bank/internal/api/api.go:33.2,33.18 1 0
payter-bank/internal/api/api.go:39.48,40.32 1 0
payter-bank/internal/api/api.go:40.32,44.17 3 0
payter-bank/internal/api/api.go:44.17,49.4 2 0
payter-bank/internal/api/api.go:51.3,51.48 1 0
payter-bank/internal/api/api.go:69.35,71.2 1 0
payter-bank/internal/api/api.go:73.41,77.2 1 0
payter-bank/internal/api/api.go:79.59,84.2 1 0
payter-bank/internal/api/api.go:86.42,91.2 1 0
payter-bank/internal/api/api.go:93.32,95.24 2 0
payter-bank/internal/api/api.go:95.24,100.3 1 0
payter-bank/internal/api/api.go:102.2,107.3 1 0
payter-bank/internal/api/api.go:110.50,115.2 1 0
payter-bank/internal/api/api.go:117.44,122.2 1 0
payter-bank/internal/api/api.go:124.41,129.2 1 0
payter-bank/internal/api/api.go:131.40,136.2 1 0
payter-bank/internal/api/api.go:138.43,143.2 1 0
payter-bank/internal/api/api.go:145.52,153.2 1 0
payter-bank/server/cmd/main.go:38.13,44.16 5 0
payter-bank/server/cmd/main.go:44.16,46.3 1 0
payter-bank/server/cmd/main.go:48.2,52.16 3 0
payter-bank/server/cmd/main.go:52.16,54.3 1 0
payter-bank/server/cmd/main.go:56.2,56.15 1 0
payter-bank/server/cmd/main.go:56.15,57.36 1 0
payter-bank/server/cmd/main.go:57.36,59.4 1 0
payter-bank/server/cmd/main.go:62.2,81.16 16 0
payter-bank/server/cmd/main.go:81.16,83.3 1 0
payter-bank/server/cmd/main.go:85.2,85.12 1 0
payter-bank/server/cmd/main.go:85.12,86.52 1 0
payter-bank/server/cmd/main.go:86.52,88.4 1 0
payter-bank/server/cmd/main.go:91.2,91.12 1 0
payter-bank/server/cmd/main.go:91.12,92.66 1 0
payter-bank/server/cmd/main.go:92.66,94.4 1 0
payter-bank/server/cmd/main.go:97.2,97.103 1 0
payter-bank/server/cmd/main.go:97.103,99.3 1 0
payter-bank/server/cmd/main.go:101.2,106.12 3 0
payter-bank/server/cmd/main.go:106.12,108.46 2 0
payter-bank/server/cmd/main.go:108.46,110.4 1 0
payter-bank/server/cmd/main.go:113.2,120.42 7 0
payter-bank/server/cmd/main.go:120.42,122.3 1 0
payter-bank/features/transaction/api.go:14.43,18.2 1 1
payter-bank/features/transaction/api.go:32.71,34.52 2 1
payter-bank/features/transaction/api.go:34.52,36.3 1 1
payter-bank/features/transaction/api.go:38.2,39.16 2 1
payter-bank/features/transaction/api.go:39.16,41.3 1 0
payter-bank/features/transaction/api.go:43.2,45.16 3 1
payter-bank/features/transaction/api.go:45.16,47.3 1 1
payter-bank/features/transaction/api.go:49.2,49.54 1 1
payter-bank/features/transaction/api.go:64.70,66.52 2 1
payter-bank/features/transaction/api.go:66.52,68.3 1 1
payter-bank/features/transaction/api.go:70.2,71.16 2 1
payter-bank/features/transaction/api.go:71.16,73.3 1 0
payter-bank/features/transaction/api.go:75.2,77.16 3 1
payter-bank/features/transaction/api.go:77.16,79.3 1 1
payter-bank/features/transaction/api.go:81.2,81.53 1 1
payter-bank/features/transaction/api.go:96.71,98.52 2 1
payter-bank/features/transaction/api.go:98.52,100.3 1 1
payter-bank/features/transaction/api.go:102.2,103.16 2 1
payter-bank/features/transaction/api.go:103.16,105.3 1 1
payter-bank/features/transaction/api.go:107.2,107.47 1 1
payter-bank/features/transaction/api.go:107.47,109.3 1 0
payter-bank/features/transaction/api.go:111.2,113.16 3 1
payter-bank/features/transaction/api.go:113.16,115.3 1 1
payter-bank/features/transaction/api.go:117.2,117.47 1 1
payter-bank/features/transaction/api.go:131.65,133.16 2 1
payter-bank/features/transaction/api.go:133.16,135.3 1 1
payter-bank/features/transaction/api.go:137.2,138.16 2 1
payter-bank/features/transaction/api.go:138.16,140.3 1 1
payter-bank/features/transaction/api.go:142.2,142.67 1 1
payter-bank/features/transaction/api.go:142.67,144.3 1 0
payter-bank/features/transaction/api.go:146.2,147.16 2 1
payter-bank/features/transaction/api.go:147.16,149.3 1 1
payter-bank/features/transaction/api.go:151.2,151.66 1 1
payter-bank/features/transaction/api.go:165.79,167.16 2 1
payter-bank/features/transaction/api.go:167.16,169.3 1 1
payter-bank/features/transaction/api.go:171.2,172.16 2 1
payter-bank/features/transaction/api.go:172.16,174.3 1 1
payter-bank/features/transaction/api.go:176.2,176.67 1 1
payter-bank/features/transaction/api.go:176.67,178.3 1 1
payter-bank/features/transaction/api.go:180.2,181.16 2 1
payter-bank/features/transaction/api.go:181.16,183.3 1 0
payter-bank/features/transaction/api.go:185.2,185.67 1 1
payter-bank/features/transaction/service.go:33.71,38.2 1 1
payter-bank/features/transaction/service.go:40.114,45.42 2 1
payter-bank/features/transaction/service.go:45.42,47.3 1 1
payter-bank/features/transaction/service.go:49.2,50.16 2 1
payter-bank/features/transaction/service.go:50.16,51.36 1 0
payter-bank/features/transaction/service.go:51.36,53.4 1 0
payter-bank/features/transaction/service.go:54.3,55.41 2 0
payter-bank/features/transaction/service.go:58.2,59.16 2 1
payter-bank/features/transaction/service.go:59.16,60.36 1 0
payter-bank/features/transaction/service.go:60.36,62.4 1 0
payter-bank/features/transaction/service.go:63.3,64.41 2 0
payter-bank/features/transaction/service.go:67.2,68.16 2 1
payter-bank/features/transaction/service.go:68.16,71.3 2 0
payter-bank/features/transaction/service.go:73.2,73.104 1 1
payter-bank/features/transaction/service.go:73.104,75.3 1 1
payter-bank/features/transaction/service.go:77.2,77.48 1 1
payter-bank/features/transaction/service.go:77.48,79.3 1 0
payter-bank/features/transaction/service.go:81.2,93.16 2 1
payter-bank/features/transaction/service.go:93.16,96.3 2 0
payter-bank/features/transaction/service.go:98.2,103.16 5 1
payter-bank/features/transaction/service.go:103.16,105.3 1 0
payter-bank/features/transaction/service.go:107.2,109.8 1 1
payter-bank/features/transaction/service.go:112.113,117.42 2 1
payter-bank/features/transaction/service.go:117.42,119.3 1 1
payter-bank/features/transaction/service.go:121.2,122.16 2 1
payter-bank/features/transaction/service.go:122.16,123.36 1 1
payter-bank/features/transaction/service.go:123.36,125.4 1 1
payter-bank/features/transaction/service.go:126.3,127.41 2 0
payter-bank/features/transaction/service.go:130.2,131.16 2 1
payter-bank/features/transaction/service.go:131.16,132.36 1 1
payter-bank/features/transaction/service.go:132.36,134.4 1 1
payter-bank/features/transaction/service.go:135.3,136.41 2 0
payter-bank/features/transaction/service.go:139.2,140.16 2 1
payter-bank/features/transaction/service.go:140.16,143.3 2 0
payter-bank/features/transaction/service.go:145.2,145.47 1 1
payter-bank/features/transaction/service.go:145.47,147.3 1 1
payter-bank/features/transaction/service.go:149.2,149.48 1 1
payter-bank/features/transaction/service.go:149.48,151.3 1 1
payter-bank/features/transaction/service.go:153.2,165.16 2 1
payter-bank/features/transaction/service.go:165.16,168.3 2 0
payter-bank/features/transaction/service.go:170.2,175.16 5 1
payter-bank/features/transaction/service.go:175.16,177.3 1 0
payter-bank/features/transaction/service.go:179.2,181.8 1 1
payter-bank/features/transaction/service.go:184.109,186.2 1 0
payter-bank/features/transaction/service.go:188.117,190.16 2 1
payter-bank/features/transaction/service.go:190.16,191.36 1 1
payter-bank/features/transaction/service.go:191.36,193.4 1 1
payter-bank/features/transaction/service.go:194.3,195.18 2 1
payter-bank/features/transaction/service.go:198.2,199.27 2 1
payter-bank/features/transaction/service.go:199.27,201.3 1 1
payter-bank/features/transaction/service.go:202.2,202.26 1 1
payter-bank/features/transaction/service.go:205.107,207.16 2 1
payter-bank/features/transaction/service.go:207.16,208.36 1 1
payter-bank/features/transaction/service.go:208.36,210.4 1 1
payter-bank/features/transaction/service.go:211.3,212.24 2 1
payter-bank/features/transaction/service.go:215.2,215.41 1 1
payter-bank/features/transaction/service.go:218.86,220.16 2 1
payter-bank/features/transaction/service.go:220.16,222.3 1 0
payter-bank/features/transaction/service_mock.go:33.59,37.2 3 1
payter-bank/features/transaction/service_mock.go:40.57,42.2 1 1
payter-bank/features/transaction/service_mock.go:45.107,51.2 5 1
payter-bank/features/transaction/service_mock.go:54.77,57.2 2 1
payter-bank/features/transaction/service_mock.go:60.106,66.2 5 1
payter-bank/features/transaction/service_mock.go:69.76,72.2 2 1
payter-bank/features/transaction/service_mock.go:75.100,81.2 5 1
payter-bank/features/transaction/service_mock.go:84.87,87.2 2 1
payter-bank/features/transaction/service_mock.go:90.110,96.2 5 1
payter-bank/features/transaction/service_mock.go:99.91,102.2 2 1
payter-bank/features/transaction/service_mock.go:105.102,111.2 5 1
payter-bank/features/transaction/service_mock.go:114.72,117.2 2 1
payter-bank/features/transaction/types.go:17.54,19.2 1 1
payter-bank/features/transaction/types.go:33.74,41.2 1 1
payter-bank/features/transaction/types.go:61.77,77.2 1 1
payter-bank/internal/api/api.go:16.45,17.37 1 0
payter-bank/internal/api/api.go:17.37,19.3 1 0
payter-bank/internal/api/api.go:21.2,21.20 1 0
payter-bank/internal/api/api.go:21.20,23.17 2 0
payter-bank/internal/api/api.go:23.17,25.4 1 0
payter-bank/internal/api/api.go:26.3,26.19 1 0
payter-bank/internal/api/api.go:29.2,30.16 2 0
payter-bank/internal/api/api.go:30.16,32.3 1 0
payter-bank/internal/api/api.go:33.2,33.18 1 0
payter-bank/internal/api/api.go:39.48,40.32 1 0
payter-bank/internal/api/api.go:40.32,44.17 3 0
payter-bank/internal/api/api.go:44.17,49.4 2 0
payter-bank/internal/api/api.go:51.3,51.48 1 0
payter-bank/internal/api/api.go:69.35,71.2 1 1
payter-bank/internal/api/api.go:73.41,77.2 1 1
payter-bank/internal/api/api.go:79.59,84.2 1 1
payter-bank/internal/api/api.go:86.42,91.2 1 1
payter-bank/internal/api/api.go:93.32,95.24 2 1
payter-bank/internal/api/api.go:95.24,100.3 1 1
payter-bank/internal/api/api.go:102.2,107.3 1 1
payter-bank/internal/api/api.go:110.50,115.2 1 0
payter-bank/internal/api/api.go:117.44,122.2 1 1
payter-bank/internal/api/api.go:124.41,129.2 1 0
payter-bank/internal/api/api.go:131.40,136.2 1 0
payter-bank/internal/api/api.go:138.43,143.2 1 0
payter-bank/internal/api/api.go:145.52,153.2 1 1
payter-bank/internal/errors/errors.go:12.59,14.2 1 1
payter-bank/internal/pkg/generator/mocks/mocks.go:32.73,36.2 3 0
payter-bank/internal/pkg/generator/mocks/mocks.go:39.71,41.2 1 0
payter-bank/internal/pkg/generator/mocks/mocks.go:44.81,50.2 5 0
payter-bank/internal/pkg/generator/mocks/mocks.go:53.75,56.2 2 0
payter-bank/internal/pkg/generator/mocks/mocks.go:59.82,65.2 5 0
payter-bank/internal/pkg/generator/mocks/mocks.go:68.76,71.2 2 0
payter-bank/internal/pkg/generator/mocks/number_generator_mocks.go:31.75,35.2 3 1
payter-bank/internal/pkg/generator/mocks/number_generator_mocks.go:38.73,40.2 1 1
payter-bank/internal/pkg/generator/mocks/number_generator_mocks.go:43.49,48.2 4 1
payter-bank/internal/pkg/generator/mocks/number_generator_mocks.go:51.68,54.2 2 1
payter-bank/internal/auth/auth.go:26.66,28.9 2 1
payter-bank/internal/auth/auth.go:28.9,30.3 1 1
payter-bank/internal/auth/auth.go:32.2,33.9 2 1
payter-bank/internal/auth/auth.go:33.9,35.3 1 0
payter-bank/internal/auth/auth.go:37.2,37.36 1 1
payter-bank/internal/auth/auth.go:40.59,42.9 2 1
payter-bank/internal/auth/auth.go:42.9,44.3 1 1
payter-bank/internal/auth/auth.go:45.2,45.21 1 1
payter-bank/internal/logger/logger.go:16.13,19.16 3 1
payter-bank/internal/logger/logger.go:19.16,20.13 1 0
payter-bank/internal/logger/logger.go:25.69,28.17 3 1
payter-bank/internal/logger/logger.go:28.17,30.3 1 1
payter-bank/internal/logger/logger.go:32.2,33.59 2 1
payter-bank/internal/logger/logger.go:37.51,40.17 3 1
payter-bank/internal/logger/logger.go:40.17,42.3 1 1
payter-bank/internal/logger/logger.go:44.2,44.15 1 1
payter-bank/internal/logger/logger.go:47.69,51.2 3 1
payter-bank/internal/logger/logger.go:53.70,57.2 3 1
payter-bank/internal/logger/logger.go:59.69,63.2 3 1
payter-bank/internal/logger/logger.go:65.70,69.2 3 0
payter-bank/internal/logger/logger.go:72.25,74.2 1 1
payter-bank/internal/pkg/generator/number_generator.go:18.48,20.2 1 1
payter-bank/internal/pkg/generator/number_generator.go:22.45,25.2 2 1
payter-bank/internal/pkg/generator/token_generator.go:31.52,33.2 1 0
payter-bank/internal/pkg/generator/token_generator.go:39.61,43.2 1 1
payter-bank/internal/pkg/generator/token_generator.go:45.67,58.2 3 1
payter-bank/internal/pkg/generator/token_generator.go:60.65,61.80 1 1
payter-bank/internal/pkg/generator/token_generator.go:61.80,62.58 1 1
payter-bank/internal/pkg/generator/token_generator.go:62.58,64.4 1 0
payter-bank/internal/pkg/generator/token_generator.go:65.3,65.35 1 1
payter-bank/internal/pkg/generator/token_generator.go:67.2,67.16 1 1
payter-bank/internal/pkg/generator/token_generator.go:67.16,69.3 1 1
payter-bank/internal/pkg/generator/token_generator.go:71.2,72.31 2 0
payter-bank/internal/pkg/generator/token_generator.go:72.31,74.3 1 0
payter-bank/internal/pkg/generator/token_generator.go:76.2,81.8 2 0
payter-bank/features/interestrate/api.go:13.43,17.2 1 1
payter-bank/features/interestrate/api.go:31.76,33.51 2 1
payter-bank/features/interestrate/api.go:33.51,35.3 1 1
payter-bank/features/interestrate/api.go:37.2,38.16 2 1
payter-bank/features/interestrate/api.go:38.16,40.3 1 1
payter-bank/features/interestrate/api.go:42.2,44.16 3 1
payter-bank/features/interestrate/api.go:44.16,46.3 1 1
payter-bank/features/interestrate/api.go:48.2,48.63 1 1
payter-bank/features/interestrate/api.go:63.68,65.51 2 1
payter-bank/features/interestrate/api.go:65.51,67.3 1 1
payter-bank/features/interestrate/api.go:69.2,70.16 2 1
payter-bank/features/interestrate/api.go:70.16,72.3 1 1
payter-bank/features/interestrate/api.go:74.2,76.16 3 1
payter-bank/features/interestrate/api.go:76.16,78.3 1 1
payter-bank/features/interestrate/api.go:80.2,80.63 1 1
payter-bank/features/interestrate/api.go:95.84,97.51 2 1
payter-bank/features/interestrate/api.go:97.51,99.3 1 1
payter-bank/features/interestrate/api.go:101.2,102.16 2 1
payter-bank/features/interestrate/api.go:102.16,104.3 1 1
payter-bank/features/interestrate/api.go:106.2,108.16 3 1
payter-bank/features/interestrate/api.go:108.16,110.3 1 1
payter-bank/features/interestrate/api.go:112.2,112.71 1 1
payter-bank/features/interestrate/api.go:126.72,128.16 2 1
payter-bank/features/interestrate/api.go:128.16,130.3 1 1
payter-bank/features/interestrate/api.go:132.2,132.73 1 1
payter-bank/features/interestrate/service.go:44.64,49.2 1 0
payter-bank/features/interestrate/service.go:58.108,65.2 1 1
payter-bank/features/interestrate/service.go:67.109,73.16 3 1
payter-bank/features/interestrate/service.go:73.16,76.3 2 0
payter-bank/features/interestrate/service.go:78.2,78.28 1 1
payter-bank/features/interestrate/service.go:78.28,81.3 2 1
payter-bank/features/interestrate/service.go:83.2,87.16 2 1
payter-bank/features/interestrate/service.go:87.16,90.3 2 0
payter-bank/features/interestrate/service.go:92.2,100.16 3 1
payter-bank/features/interestrate/service.go:100.16,102.3 1 0
payter-bank/features/interestrate/service.go:105.2,106.51 2 1
payter-bank/features/interestrate/service.go:109.93,115.16 3 1
payter-bank/features/interestrate/service.go:115.16,117.3 1 1
payter-bank/features/interestrate/service.go:119.2,123.16 2 1
payter-bank/features/interestrate/service.go:123.16,126.3 2 1
payter-bank/features/interestrate/service.go:127.2,134.16 3 1
payter-bank/features/interestrate/service.go:134.16,136.3 1 0
payter-bank/features/interestrate/service.go:139.2,140.48 2 1
payter-bank/features/interestrate/service.go:143.125,149.16 3 1
payter-bank/features/interestrate/service.go:149.16,151.3 1 1
payter-bank/features/interestrate/service.go:153.2,153.61 1 1
payter-bank/features/interestrate/service.go:153.61,155.3 1 1
payter-bank/features/interestrate/service.go:157.2,161.16 2 1
payter-bank/features/interestrate/service.go:161.16,164.3 2 1
payter-bank/features/interestrate/service.go:165.2,171.16 3 1
payter-bank/features/interestrate/service.go:171.16,173.3 1 0
payter-bank/features/interestrate/service.go:176.2,177.48 2 1
payter-bank/features/interestrate/service.go:180.57,185.16 3 1
payter-bank/features/interestrate/service.go:185.16,188.3 2 1
payter-bank/features/interestrate/service.go:190.2,191.16 2 1
payter-bank/features/interestrate/service.go:191.16,194.3 2 1
payter-bank/features/interestrate/service.go:196.2,196.35 1 1
payter-bank/features/interestrate/service.go:196.35,198.17 2 1
payter-bank/features/interestrate/service.go:198.17,200.12 2 1
payter-bank/features/interestrate/service.go:203.3,203.26 1 1
payter-bank/features/interestrate/service.go:203.26,217.18 4 1
payter-bank/features/interestrate/service.go:217.18,219.13 2 1
payter-bank/features/interestrate/service.go:221.4,223.54 1 1
payter-bank/features/interestrate/service.go:227.2,227.12 1 1
payter-bank/features/interestrate/service.go:230.85,232.16 2 1
payter-bank/features/interestrate/service.go:232.16,234.3 1 1
payter-bank/features/interestrate/service.go:236.2,236.29 1 1
payter-bank/features/interestrate/service.go:236.29,238.3 1 1
payter-bank/features/interestrate/service.go:240.2,241.19 2 1
payter-bank/features/interestrate/service.go:244.52,251.16 4 1
payter-bank/features/interestrate/service.go:251.16,253.3 1 1
payter-bank/features/interestrate/service.go:255.2,256.16 2 1
payter-bank/features/interestrate/service.go:256.16,258.3 1 0
payter-bank/features/interestrate/service.go:260.2,261.16 2 1
payter-bank/features/interestrate/service.go:261.16,263.3 1 1
payter-bank/features/interestrate/service.go:265.2,266.16 2 1
payter-bank/features/interestrate/service.go:266.16,268.3 1 1
payter-bank/features/interestrate/service.go:270.2,274.16 2 1
payter-bank/features/interestrate/service.go:274.16,276.3 1 0
payter-bank/features/interestrate/service.go:278.2,282.6 3 1
payter-bank/features/interestrate/service.go:282.6,283.10 1 1
payter-bank/features/interestrate/service.go:284.21,286.47 2 1
payter-bank/features/interestrate/service.go:286.47,288.5 1 0
payter-bank/features/interestrate/service.go:289.4,289.14 1 1
payter-bank/features/interestrate/service.go:290.11,290.11 0 1
payter-bank/features/interestrate/service.go:295.72,296.19 1 1
payter-bank/features/interestrate/service.go:297.14,298.26 1 1
payter-bank/features/interestrate/service.go:299.13,300.26 1 1
payter-bank/features/interestrate/service.go:301.14,302.26 1 1
payter-bank/features/interestrate/service.go:303.15,304.26 1 1
payter-bank/features/interestrate/service.go:305.14,306.26 1 1
payter-bank/features/interestrate/service.go:307.10,308.60 1 1
payter-bank/features/interestrate/service_mock.go:33.59,37.2 3 1
payter-bank/features/interestrate/service_mock.go:40.57,42.2 1 1
payter-bank/features/interestrate/service_mock.go:45.61,50.2 4 0
payter-bank/features/interestrate/service_mock.go:53.69,56.2 2 0
payter-bank/features/interestrate/service_mock.go:59.113,65.2 5 1
payter-bank/features/interestrate/service_mock.go:68.84,71.2 2 1
payter-bank/features/interestrate/service_mock.go:74.89,80.2 5 1
payter-bank/features/interestrate/service_mock.go:83.73,86.2 2 1
payter-bank/features/interestrate/service_mock.go:89.56,94.2 4 0
payter-bank/features/interestrate/service_mock.go:97.64,100.2 2 0
payter-bank/features/interestrate/service_mock.go:103.129,109.2 5 1
payter-bank/features/interestrate/service_mock.go:112.92,115.2 2 1
payter-bank/features/interestrate/service_mock.go:118.97,124.2 5 1
payter-bank/features/interestrate/service_mock.go:127.76,130.2 2 1
payter-bank/features/interestrate/service_mock.go:145.57,149.2 3 1
payter-bank/features/interestrate/service_mock.go:152.55,154.2 1 1
payter-bank/features/interestrate/service_mock.go:157.55,162.2 4 1
payter-bank/features/interestrate/service_mock.go:165.63,168.2 2 1
payter-bank/internal/api/api.go:16.45,17.37 1 0
payter-bank/internal/api/api.go:17.37,19.3 1 0
payter-bank/internal/api/api.go:21.2,21.20 1 0
payter-bank/internal/api/api.go:21.20,23.17 2 0
payter-bank/internal/api/api.go:23.17,25.4 1 0
payter-bank/internal/api/api.go:26.3,26.19 1 0
payter-bank/internal/api/api.go:29.2,30.16 2 0
payter-bank/internal/api/api.go:30.16,32.3 1 0
payter-bank/internal/api/api.go:33.2,33.18 1 0
payter-bank/internal/api/api.go:39.48,40.32 1 0
payter-bank/internal/api/api.go:40.32,44.17 3 0
payter-bank/internal/api/api.go:44.17,49.4 2 0
payter-bank/internal/api/api.go:51.3,51.48 1 0
payter-bank/internal/api/api.go:69.35,71.2 1 1
payter-bank/internal/api/api.go:73.41,77.2 1 1
payter-bank/internal/api/api.go:79.59,84.2 1 1
payter-bank/internal/api/api.go:86.42,91.2 1 1
payter-bank/internal/api/api.go:93.32,95.24 2 1
payter-bank/internal/api/api.go:95.24,100.3 1 1
payter-bank/internal/api/api.go:102.2,107.3 1 1
payter-bank/internal/api/api.go:110.50,115.2 1 0
payter-bank/internal/api/api.go:117.44,122.2 1 1
payter-bank/internal/api/api.go:124.41,129.2 1 0
payter-bank/internal/api/api.go:131.40,136.2 1 0
payter-bank/internal/api/api.go:138.43,143.2 1 0
payter-bank/internal/api/api.go:145.52,153.2 1 1
payter-bank/internal/errors/errors.go:12.59,14.2 1 1
